\BOOKMARK [0][-]{chapter.1}{\376\377\000H\000o\000m\000e\000w\000o\000r\000k\000\040\0001}{}% 1
\BOOKMARK [1][-]{section.1.1}{\376\377\000A\000n\000a\000l\000y\000s\000i\000s}{chapter.1}% 2
\BOOKMARK [2][-]{subsection.1.1.1}{\376\377\000P\000a\000r\000t\000\040\000A}{section.1.1}% 3
\BOOKMARK [2][-]{subsection.1.1.2}{\376\377\000P\000a\000r\000t\000\040\000B}{section.1.1}% 4
\BOOKMARK [1][-]{section.1.2}{\376\377\000E\000d\000i\000t\000i\000n\000g\000\040\000C\000o\000d\000i\000n\000g}{chapter.1}% 5
\BOOKMARK [2][-]{subsection.1.2.1}{\376\377\000P\000a\000r\000t\000\040\000A}{section.1.2}% 6
\BOOKMARK [2][-]{subsection.1.2.2}{\376\377\000P\000a\000r\000t\000\040\000B}{section.1.2}% 7
\BOOKMARK [1][-]{section.1.3}{\376\377\000D\000i\000s\000c\000u\000s\000s\000i\000o\000n}{chapter.1}% 8
\BOOKMARK [0][-]{chapter.2}{\376\377\000H\000o\000m\000e\000w\000o\000r\000k\000\040\0002}{}% 9
\BOOKMARK [1][-]{section.2.1}{\376\377\000I\000n\000t\000r\000o\000d\000u\000c\000t\000i\000o\000n}{chapter.2}% 10
\BOOKMARK [1][-]{section.2.2}{\376\377\000P\000r\000o\000b\000l\000e\000m\000\040\0001}{chapter.2}% 11
\BOOKMARK [1][-]{section.2.3}{\376\377\000P\000r\000o\000b\000l\000e\000m\000\040\0002}{chapter.2}% 12
\BOOKMARK [0][-]{chapter.3}{\376\377\000H\000o\000m\000e\000w\000o\000r\000k\000\040\0003}{}% 13
\BOOKMARK [1][-]{section.3.1}{\376\377\000I\000n\000t\000r\000o\000d\000u\000c\000t\000i\000o\000n}{chapter.3}% 14
\BOOKMARK [1][-]{section.3.2}{\376\377\000P\000r\000o\000b\000l\000e\000m\000\040\0001}{chapter.3}% 15
\BOOKMARK [1][-]{section.3.3}{\376\377\000P\000r\000o\000b\000l\000e\000m\000\040\0002}{chapter.3}% 16
\BOOKMARK [0][-]{chapter.4}{\376\377\000H\000o\000m\000e\000w\000o\000r\000k\000\040\0004}{}% 17
\BOOKMARK [1][-]{section.4.1}{\376\377\000I\000n\000t\000r\000o\000d\000u\000c\000t\000i\000o\000n}{chapter.4}% 18
\BOOKMARK [1][-]{section.4.2}{\376\377\000P\000r\000o\000b\000l\000e\000m\000\040\0001}{chapter.4}% 19
\BOOKMARK [1][-]{section.4.3}{\376\377\000P\000r\000o\000b\000l\000e\000m\000\040\0002}{chapter.4}% 20
\BOOKMARK [0][-]{chapter.5}{\376\377\000H\000o\000m\000e\000w\000o\000r\000k\000\040\0005}{}% 21
\BOOKMARK [1][-]{section.5.1}{\376\377\000I\000n\000t\000r\000o\000d\000u\000c\000t\000i\000o\000n}{chapter.5}% 22
\BOOKMARK [1][-]{section.5.2}{\376\377\000P\000r\000o\000b\000l\000e\000m\000\040\0001}{chapter.5}% 23
\BOOKMARK [1][-]{section.5.3}{\376\377\000P\000r\000o\000b\000l\000e\000m\000\040\0002}{chapter.5}% 24
